Command: /home/014513031/rus/8to10-encoder-verifiction/./simv -l run.log
Chronologic VCS simulator copyright 1991-2020
Contains Synopsys proprietary information.
Compiler version R-2020.12; Runtime version R-2020.12;  May 13 16:27 2021
UVM_INFO /home/morris/uvm-1.2/src/base/uvm_root.svh(392) @ 0: reporter [UVM/RELNOTES] 
----------------------------------------------------------------
UVM-1.2
(C) 2007-2014 Mentor Graphics Corporation
(C) 2007-2014 Cadence Design Systems, Inc.
(C) 2006-2014 Synopsys, Inc.
(C) 2011-2013 Cypress Semiconductor Corp.
(C) 2013-2014 NVIDIA Corporation
----------------------------------------------------------------

  ***********       IMPORTANT RELEASE NOTES         ************

  You are using a version of the UVM library that has been compiled
  with `UVM_NO_DEPRECATED undefined.
  See http://www.eda.org/svdb/view.php?id=3313 for more details.

  You are using a version of the UVM library that has been compiled
  with `UVM_OBJECT_DO_NOT_NEED_CONSTRUCTOR undefined.
  See http://www.eda.org/svdb/view.php?id=3770 for more details.

      (Specify +UVM_NO_RELNOTES to turn off this notice)

UVM_INFO @ 0: reporter [RNTST] Running test my_test...
UVM_INFO /home/morris/uvm-1.2/src/base/uvm_root.svh(579) @ 0: reporter [UVMTOP] UVM testbench topology:
--------------------------------------------------------------
Name                       Type                    Size  Value
--------------------------------------------------------------
uvm_test_top               my_test                 -     @340 
  env                      my_env                  -     @353 
    agn                    my_agent                -     @368 
      drv                  my_driver               -     @388 
        rsp_port           uvm_analysis_port       -     @407 
        seq_item_port      uvm_seq_item_pull_port  -     @397 
        trans_out          uvm_analysis_port       -     @417 
      mon                  my_monitor              -     @564 
        trans_out          uvm_analysis_port       -     @573 
      sqr                  my_sequencer            -     @427 
        rsp_export         uvm_analysis_export     -     @436 
        seq_item_export    uvm_seq_item_pull_imp   -     @554 
        arbitration_queue  array                   0     -    
        lock_queue         array                   0     -    
        num_last_reqs      integral                32    'd1  
        num_last_rsps      integral                32    'd1  
    scb                    my_scoreboard           -     @377 
      trans_in             uvm_analysis_imp        -     @590 
--------------------------------------------------------------

UVM_INFO my_moniter.sv(30) @ 0: uvm_test_top.env.agn.mon [Monitor] time 0
UVM_INFO my_driver.sv(32) @ 0: uvm_test_top.env.agn.drv [DRIVER] Received packet to driver
----------------------------------------
Name       Type              Size  Value
----------------------------------------
req        my_sequence_item  -     @622 
  st       integral          1     'h0  
  dataout  da(integral)      0     -    
  datain   da(integral)      10    -    
    [0]    integral          8     'h3c 
    [1]    integral          8     'h3c 
    [2]    integral          8     'h3c 
    [3]    integral          8     'h3c 
    [4]    integral          8     'he0 
    [5]    integral          8     'h99 
    [6]    integral          8     'hfe 
    [7]    integral          8     'h7d 
    [8]    integral          8     'h37 
    [9]    integral          8     'hbc 
  pushout  integral          1     'h0  
----------------------------------------
datain[8] 1 datain[7:0] is 60
UVM_INFO my_moniter.sv(40) @ 15: uvm_test_top.env.agn.mon [Monitor] time 15
UVM_INFO my_moniter.sv(43) @ 15: uvm_test_top.env.agn.mon [Monitor] dataout from monitor 27c
UVM_INFO my_scoreboard.sv(385) @ 15: uvm_test_top.env.scb [scoreboard] size mismatch mon size = 0  = drv 0
datain[8] 1 datain[7:0] is 60
UVM_INFO my_moniter.sv(40) @ 25: uvm_test_top.env.agn.mon [Monitor] time 25
UVM_INFO my_moniter.sv(43) @ 25: uvm_test_top.env.agn.mon [Monitor] dataout from monitor 27c
UVM_INFO my_scoreboard.sv(385) @ 25: uvm_test_top.env.scb [scoreboard] size mismatch mon size = 0  = drv 0
datain[8] 1 datain[7:0] is 60
UVM_INFO my_moniter.sv(40) @ 35: uvm_test_top.env.agn.mon [Monitor] time 35
UVM_INFO my_moniter.sv(43) @ 35: uvm_test_top.env.agn.mon [Monitor] dataout from monitor 183
UVM_INFO my_scoreboard.sv(385) @ 35: uvm_test_top.env.scb [scoreboard] size mismatch mon size = 0  = drv 0
datain[8] 1 datain[7:0] is 60
UVM_INFO my_moniter.sv(40) @ 45: uvm_test_top.env.agn.mon [Monitor] time 45
UVM_INFO my_moniter.sv(43) @ 45: uvm_test_top.env.agn.mon [Monitor] dataout from monitor 27c
UVM_INFO my_scoreboard.sv(385) @ 45: uvm_test_top.env.scb [scoreboard] size mismatch mon size = 0  = drv 0
datain[8] 0 datain[7:0] is 224
UVM_INFO my_moniter.sv(40) @ 55: uvm_test_top.env.agn.mon [Monitor] time 55
UVM_INFO my_moniter.sv(43) @ 55: uvm_test_top.env.agn.mon [Monitor] dataout from monitor 1c6
UVM_INFO my_scoreboard.sv(385) @ 55: uvm_test_top.env.scb [scoreboard] size mismatch mon size = 0  = drv 0
datain[8] 0 datain[7:0] is 153
UVM_INFO my_moniter.sv(40) @ 65: uvm_test_top.env.agn.mon [Monitor] time 65
UVM_INFO my_moniter.sv(43) @ 65: uvm_test_top.env.agn.mon [Monitor] dataout from monitor 2d9
UVM_INFO my_scoreboard.sv(385) @ 65: uvm_test_top.env.scb [scoreboard] size mismatch mon size = 0  = drv 0
datain[8] 1 datain[7:0] is 254
UVM_INFO my_moniter.sv(40) @ 75: uvm_test_top.env.agn.mon [Monitor] time 75
UVM_INFO my_moniter.sv(43) @ 75: uvm_test_top.env.agn.mon [Monitor] dataout from monitor 0
UVM_INFO my_scoreboard.sv(385) @ 75: uvm_test_top.env.scb [scoreboard] size mismatch mon size = 0  = drv 0
datain[8] 0 datain[7:0] is 125
UVM_INFO my_moniter.sv(40) @ 85: uvm_test_top.env.agn.mon [Monitor] time 85
UVM_INFO my_moniter.sv(43) @ 85: uvm_test_top.env.agn.mon [Monitor] dataout from monitor 31d
UVM_INFO my_scoreboard.sv(385) @ 85: uvm_test_top.env.scb [scoreboard] size mismatch mon size = 0  = drv 0
datain[8] 0 datain[7:0] is 55
UVM_INFO my_moniter.sv(40) @ 95: uvm_test_top.env.agn.mon [Monitor] time 95
UVM_INFO my_moniter.sv(43) @ 95: uvm_test_top.env.agn.mon [Monitor] dataout from monitor 268
UVM_INFO my_scoreboard.sv(385) @ 95: uvm_test_top.env.scb [scoreboard] size mismatch mon size = 0  = drv 0
datain[8] 1 datain[7:0] is 188
UVM_INFO my_moniter.sv(40) @ 105: uvm_test_top.env.agn.mon [Monitor] time 105
UVM_INFO my_moniter.sv(43) @ 105: uvm_test_top.env.agn.mon [Monitor] dataout from monitor 57
UVM_INFO my_scoreboard.sv(385) @ 105: uvm_test_top.env.scb [scoreboard] size mismatch mon size = 0  = drv 0
UVM_INFO my_driver.sv(56) @ 105: uvm_test_top.env.agn.drv [DRIVER] Sending packet to scoreboard
UVM_INFO my_scoreboard.sv(35) @ 105: uvm_test_top.env.scb [SCBD] DRV Packet Received
UVM_INFO my_scoreboard.sv(341) @ 105: uvm_test_top.env.scb [SCBD] Number of One's are not 5 = 00011111001 
UVM_INFO my_scoreboard.sv(343) @ 105: uvm_test_top.env.scb [SCBD] Disparity flipped, New disparity is 0
UVM_INFO my_scoreboard.sv(341) @ 105: uvm_test_top.env.scb [SCBD] Number of One's are not 5 = 01100000110 
UVM_INFO my_scoreboard.sv(343) @ 105: uvm_test_top.env.scb [SCBD] Disparity flipped, New disparity is 1
UVM_INFO my_scoreboard.sv(341) @ 105: uvm_test_top.env.scb [SCBD] Number of One's are not 5 = 00011111001 
UVM_INFO my_scoreboard.sv(343) @ 105: uvm_test_top.env.scb [SCBD] Disparity flipped, New disparity is 0
UVM_INFO my_scoreboard.sv(341) @ 105: uvm_test_top.env.scb [SCBD] Number of One's are not 5 = 01100000110 
UVM_INFO my_scoreboard.sv(343) @ 105: uvm_test_top.env.scb [SCBD] Disparity flipped, New disparity is 1
UVM_INFO my_scoreboard.sv(346) @ 105: uvm_test_top.env.scb [SCBD] Number of One's are 5 = 01001110001 
UVM_INFO my_scoreboard.sv(348) @ 105: uvm_test_top.env.scb [SCBD] Disparity remains same, New disparity is 1
UVM_INFO my_scoreboard.sv(341) @ 105: uvm_test_top.env.scb [SCBD] Number of One's are not 5 = 01001101101 
UVM_INFO my_scoreboard.sv(343) @ 105: uvm_test_top.env.scb [SCBD] Disparity flipped, New disparity is 0
UVM_INFO my_scoreboard.sv(346) @ 105: uvm_test_top.env.scb [SCBD] Number of One's are 5 = 01000010111 
UVM_INFO my_scoreboard.sv(348) @ 105: uvm_test_top.env.scb [SCBD] Disparity remains same, New disparity is 0
UVM_INFO my_scoreboard.sv(341) @ 105: uvm_test_top.env.scb [SCBD] Number of One's are not 5 = 00100011100 
UVM_INFO my_scoreboard.sv(343) @ 105: uvm_test_top.env.scb [SCBD] Disparity flipped, New disparity is 1
UVM_INFO my_scoreboard.sv(341) @ 105: uvm_test_top.env.scb [SCBD] Number of One's are not 5 = 01110101001 
UVM_INFO my_scoreboard.sv(343) @ 105: uvm_test_top.env.scb [SCBD] Disparity flipped, New disparity is 0
UVM_INFO my_scoreboard.sv(341) @ 105: uvm_test_top.env.scb [SCBD] Number of One's are not 5 = 01100000101 
UVM_INFO my_scoreboard.sv(343) @ 105: uvm_test_top.env.scb [SCBD] Disparity flipped, New disparity is 1
1001111100 ref 11111001
110000011 ref 1100000110
1001111100 ref 11111001
110000011 ref 1100000110
1000111001 ref 1001110001
1011011001 ref 1001101101
1110100001 ref 1000010111
11100010 ref 100011100
1001010111 ref 1110101001
1010000011 ref 1100000101
----------------------------------------
Name       Type              Size  Value
----------------------------------------
req        my_sequence_item  -     @622 
  st       integral          1     'h0  
  dataout  da(integral)      10    -    
    [0]    integral          10    'h27c
    [1]    integral          10    'h183
    [2]    integral          10    'h27c
    [3]    integral          10    'h183
    [4]    integral          10    'h239
    [5]    integral          10    'h2d9
    [6]    integral          10    'h3a1
    [7]    integral          10    'he2 
    [8]    integral          10    'h257
    [9]    integral          10    'h283
  datain   da(integral)      10    -    
    [0]    integral          8     'h3c 
    [1]    integral          8     'h3c 
    [2]    integral          8     'h3c 
    [3]    integral          8     'h3c 
    [4]    integral          8     'he0 
    [5]    integral          8     'h99 
    [6]    integral          8     'hfe 
    [7]    integral          8     'h7d 
    [8]    integral          8     'h37 
    [9]    integral          8     'hbc 
  pushout  integral          1     'h0  
----------------------------------------
UVM_INFO my_moniter.sv(40) @ 115: uvm_test_top.env.agn.mon [Monitor] time 115
UVM_INFO my_moniter.sv(43) @ 115: uvm_test_top.env.agn.mon [Monitor] dataout from monitor 12d
UVM_INFO my_scoreboard.sv(385) @ 115: uvm_test_top.env.scb [scoreboard] size mismatch mon size = 0  = drv 1
UVM_INFO my_moniter.sv(40) @ 125: uvm_test_top.env.agn.mon [Monitor] time 125
UVM_INFO my_moniter.sv(43) @ 125: uvm_test_top.env.agn.mon [Monitor] dataout from monitor 32d
UVM_INFO my_scoreboard.sv(385) @ 125: uvm_test_top.env.scb [scoreboard] size mismatch mon size = 0  = drv 1
UVM_INFO my_moniter.sv(40) @ 135: uvm_test_top.env.agn.mon [Monitor] time 135
UVM_INFO my_moniter.sv(43) @ 135: uvm_test_top.env.agn.mon [Monitor] dataout from monitor 198
UVM_INFO my_scoreboard.sv(385) @ 135: uvm_test_top.env.scb [scoreboard] size mismatch mon size = 0  = drv 1
UVM_INFO my_moniter.sv(40) @ 145: uvm_test_top.env.agn.mon [Monitor] time 145
UVM_INFO my_moniter.sv(43) @ 145: uvm_test_top.env.agn.mon [Monitor] dataout from monitor 153
UVM_INFO my_scoreboard.sv(385) @ 145: uvm_test_top.env.scb [scoreboard] size mismatch mon size = 0  = drv 1
UVM_INFO my_moniter.sv(40) @ 155: uvm_test_top.env.agn.mon [Monitor] time 155
UVM_INFO my_moniter.sv(43) @ 155: uvm_test_top.env.agn.mon [Monitor] dataout from monitor 17c
UVM_INFO my_scoreboard.sv(385) @ 155: uvm_test_top.env.scb [scoreboard] size mismatch mon size = 0  = drv 1
UVM_INFO my_scoreboard.sv(31) @ 165: uvm_test_top.env.scb [SCBD] Mon Packet Received
--------------------------------------------
Name           Type              Size  Value
--------------------------------------------
sequence_item  my_sequence_item  -     @653 
  st           integral          1     'h0  
  dataout      da(integral)      15    -    
    [0]        integral          10    'h27c
    [1]        integral          10    'h27c
    [2]        integral          10    'h183
    [3]        integral          10    'h27c
    [4]        integral          10    'h1c6
    ...        ...               ...   ...  
    [10]       integral          10    'h12d
    [11]       integral          10    'h32d
    [12]       integral          10    'h198
    [13]       integral          10    'h153
    [14]       integral          10    'h17c
  datain       da(integral)      0     -    
  pushout      integral          1     'h0  
--------------------------------------------
UVM_INFO my_moniter.sv(49) @ 165: uvm_test_top.env.agn.mon [Monitor] time 165 sending packet to scoreboaed
time 165 sending packet to scoreboaed
UVM_INFO my_scoreboard.sv(377) @ 165: uvm_test_top.env.scb [scoreboard] pkt passed got = 1001111100 and expected = 1001111100
UVM_ERROR my_scoreboard.sv(380) @ 165: uvm_test_top.env.scb [scoreboard] pkt failed got = 1001111100 and expected = 110000011
UVM_ERROR my_scoreboard.sv(380) @ 165: uvm_test_top.env.scb [scoreboard] pkt failed got = 110000011 and expected = 1001111100
UVM_ERROR my_scoreboard.sv(380) @ 165: uvm_test_top.env.scb [scoreboard] pkt failed got = 1001111100 and expected = 110000011
UVM_ERROR my_scoreboard.sv(380) @ 165: uvm_test_top.env.scb [scoreboard] pkt failed got = 111000110 and expected = 1000111001
UVM_INFO my_scoreboard.sv(377) @ 165: uvm_test_top.env.scb [scoreboard] pkt passed got = 1011011001 and expected = 1011011001
UVM_ERROR my_scoreboard.sv(380) @ 165: uvm_test_top.env.scb [scoreboard] pkt failed got = 0 and expected = 1110100001
UVM_ERROR my_scoreboard.sv(380) @ 165: uvm_test_top.env.scb [scoreboard] pkt failed got = 1100011101 and expected = 11100010
UVM_ERROR my_scoreboard.sv(380) @ 165: uvm_test_top.env.scb [scoreboard] pkt failed got = 1001101000 and expected = 1001010111
UVM_ERROR my_scoreboard.sv(380) @ 165: uvm_test_top.env.scb [scoreboard] pkt failed got = 1010111 and expected = 1010000011
UVM_INFO my_scoreboard.sv(385) @ 175: uvm_test_top.env.scb [scoreboard] size mismatch mon size = 0  = drv 0
UVM_INFO my_scoreboard.sv(385) @ 185: uvm_test_top.env.scb [scoreboard] size mismatch mon size = 0  = drv 0
UVM_INFO my_scoreboard.sv(385) @ 195: uvm_test_top.env.scb [scoreboard] size mismatch mon size = 0  = drv 0
UVM_INFO my_scoreboard.sv(385) @ 205: uvm_test_top.env.scb [scoreboard] size mismatch mon size = 0  = drv 0
UVM_INFO my_scoreboard.sv(385) @ 215: uvm_test_top.env.scb [scoreboard] size mismatch mon size = 0  = drv 0
UVM_INFO /home/morris/uvm-1.2/src/base/uvm_objection.svh(1270) @ 215: reporter [TEST_DONE] 'run' phase is ready to proceed to the 'extract' phase
UVM_INFO /home/morris/uvm-1.2/src/base/uvm_report_server.svh(847) @ 215: reporter [UVM/REPORT/SERVER] 
--- UVM Report Summary ---

** Report counts by severity
UVM_INFO :   82
UVM_WARNING :    0
UVM_ERROR :    8
UVM_FATAL :    0
** Report counts by id
[DRIVER]     2
[Monitor]    32
[RNTST]     1
[SCBD]    22
[TEST_DONE]     1
[UVM/RELNOTES]     1
[UVMTOP]     1
[scoreboard]    30

$finish called from file "/home/morris/uvm-1.2/src/base/uvm_root.svh", line 517.
$finish at simulation time                  215
           V C S   S i m u l a t i o n   R e p o r t 
Time: 215 ns
CPU Time:      0.510 seconds;       Data structure size:   0.2Mb
Thu May 13 16:27:17 2021
