  CREATE_STREAM @0 {NAME:seq T:Transactions SCOPE:uvm_test_top.env.agn.sqr STREAM:561}
  CREATE_STREAM @0 {NAME:seq T:Transactions SCOPE:uvm_test_top.env.agn.sqr STREAM:604}
  CREATE_STREAM @0 {NAME:seq T:Transactions SCOPE:uvm_test_top.env.agn.sqr STREAM:604}
  CREATE_STREAM @0 {NAME:seq T:Transactions SCOPE:uvm_test_top.env.agn.sqr STREAM:604}
  CREATE_STREAM @0 {NAME:seq T:Transactions SCOPE:uvm_test_top.env.agn.sqr STREAM:604}
  CREATE_STREAM @0 {NAME:seq T:Transactions SCOPE:uvm_test_top.env.agn.sqr STREAM:604}
  CREATE_STREAM @0 {NAME:seq T:Transactions SCOPE:uvm_test_top.env.agn.sqr STREAM:604}
  CREATE_STREAM @0 {NAME:seq T:Transactions SCOPE:uvm_test_top.env.agn.sqr STREAM:604}
  CREATE_STREAM @0 {NAME:seq T:Transactions SCOPE:uvm_test_top.env.agn.sqr STREAM:604}
  CREATE_STREAM @0 {NAME:seq T:Transactions SCOPE:uvm_test_top.env.agn.sqr STREAM:604}
  CREATE_STREAM @0 {NAME:seq T:Transactions SCOPE:uvm_test_top.env.agn.sqr STREAM:604}
  CREATE_STREAM @0 {NAME:seq T:Transactions SCOPE:uvm_test_top.env.agn.sqr STREAM:604}
  CREATE_STREAM @0 {NAME:seq T:Transactions SCOPE:uvm_test_top.env.agn.sqr STREAM:604}
  CREATE_STREAM @0 {NAME:seq T:Transactions SCOPE:uvm_test_top.env.agn.sqr STREAM:604}
  CREATE_STREAM @0 {NAME:seq T:Transactions SCOPE:uvm_test_top.env.agn.sqr STREAM:604}
  CREATE_STREAM @0 {NAME:seq T:Transactions SCOPE:uvm_test_top.env.agn.sqr STREAM:604}
  CREATE_STREAM @0 {NAME:seq T:Transactions SCOPE:uvm_test_top.env.agn.sqr STREAM:604}
  CREATE_STREAM @0 {NAME:seq T:Transactions SCOPE:uvm_test_top.env.agn.sqr STREAM:604}
  CREATE_STREAM @0 {NAME:seq T:Transactions SCOPE:uvm_test_top.env.agn.sqr STREAM:604}
  CREATE_STREAM @0 {NAME:seq T:Transactions SCOPE:uvm_test_top.env.agn.sqr STREAM:604}
  CREATE_STREAM @0 {NAME:seq T:Transactions SCOPE:uvm_test_top.env.agn.sqr STREAM:604}
  CREATE_STREAM @0 {NAME:seq T:Transactions SCOPE:uvm_test_top.env.agn.sqr STREAM:604}
  CREATE_STREAM @0 {NAME:seq T:Transactions SCOPE:uvm_test_top.env.agn.sqr STREAM:604}
  CREATE_STREAM @0 {NAME:seq T:Transactions SCOPE:uvm_test_top.env.agn.sqr STREAM:604}
  CREATE_STREAM @0 {NAME:seq T:Transactions SCOPE:uvm_test_top.env.agn.sqr STREAM:604}
  CREATE_STREAM @0 {NAME:seq T:Transactions SCOPE:uvm_test_top.env.agn.sqr STREAM:604}
  CREATE_STREAM @0 {NAME:seq T:Transactions SCOPE:uvm_test_top.env.agn.sqr STREAM:604}
  CREATE_STREAM @0 {NAME:seq T:Transactions SCOPE:uvm_test_top.env.agn.sqr STREAM:604}
  CREATE_STREAM @0 {NAME:seq T:Transactions SCOPE:uvm_test_top.env.agn.sqr STREAM:604}
  CREATE_STREAM @0 {NAME:seq T:Transactions SCOPE:uvm_test_top.env.agn.sqr STREAM:604}
  CREATE_STREAM @0 {NAME:seq T:Transactions SCOPE:uvm_test_top.env.agn.sqr STREAM:604}
  CREATE_STREAM @0 {NAME:seq T:Transactions SCOPE:uvm_test_top.env.agn.sqr STREAM:604}
  CREATE_STREAM @0 {NAME:seq T:Transactions SCOPE:uvm_test_top.env.agn.sqr STREAM:604}
  CREATE_STREAM @0 {NAME:seq T:Transactions SCOPE:uvm_test_top.env.agn.sqr STREAM:604}
  CREATE_STREAM @0 {NAME:seq T:Transactions SCOPE:uvm_test_top.env.agn.sqr STREAM:604}
  CREATE_STREAM @0 {NAME:seq T:Transactions SCOPE:uvm_test_top.env.agn.sqr STREAM:604}
  CREATE_STREAM @0 {NAME:seq T:Transactions SCOPE:uvm_test_top.env.agn.sqr STREAM:604}
  CREATE_STREAM @0 {NAME:seq T:Transactions SCOPE:uvm_test_top.env.agn.sqr STREAM:604}
  CREATE_STREAM @0 {NAME:seq T:Transactions SCOPE:uvm_test_top.env.agn.sqr STREAM:604}
  CREATE_STREAM @0 {NAME:seq T:Transactions SCOPE:uvm_test_top.env.agn.sqr STREAM:604}
  CREATE_STREAM @0 {NAME:seq T:Transactions SCOPE:uvm_test_top.env.agn.sqr STREAM:604}
  CREATE_STREAM @0 {NAME:seq T:Transactions SCOPE:uvm_test_top.env.agn.sqr STREAM:604}
  CREATE_STREAM @0 {NAME:seq T:Transactions SCOPE:uvm_test_top.env.agn.sqr STREAM:604}
  CREATE_STREAM @0 {NAME:seq T:Transactions SCOPE:uvm_test_top.env.agn.sqr STREAM:604}
  CREATE_STREAM @0 {NAME:seq T:Transactions SCOPE:uvm_test_top.env.agn.sqr STREAM:604}
  CREATE_STREAM @0 {NAME:seq T:Transactions SCOPE:uvm_test_top.env.agn.sqr STREAM:604}
  CREATE_STREAM @0 {NAME:seq T:Transactions SCOPE:uvm_test_top.env.agn.sqr STREAM:604}
  CREATE_STREAM @0 {NAME:seq T:Transactions SCOPE:uvm_test_top.env.agn.sqr STREAM:604}
  CREATE_STREAM @0 {NAME:seq T:Transactions SCOPE:uvm_test_top.env.agn.sqr STREAM:604}
  CREATE_STREAM @0 {NAME:seq T:Transactions SCOPE:uvm_test_top.env.agn.sqr STREAM:604}
  CREATE_STREAM @0 {NAME:seq T:Transactions SCOPE:uvm_test_top.env.agn.sqr STREAM:604}
  CREATE_STREAM @0 {NAME:seq T:Transactions SCOPE:uvm_test_top.env.agn.sqr STREAM:604}
  CREATE_STREAM @0 {NAME:seq T:Transactions SCOPE:uvm_test_top.env.agn.sqr STREAM:604}
  CREATE_STREAM @0 {NAME:seq T:Transactions SCOPE:uvm_test_top.env.agn.sqr STREAM:604}
  CREATE_STREAM @0 {NAME:seq T:Transactions SCOPE:uvm_test_top.env.agn.sqr STREAM:604}
  CREATE_STREAM @0 {NAME:seq T:Transactions SCOPE:uvm_test_top.env.agn.sqr STREAM:604}
  CREATE_STREAM @0 {NAME:seq T:Transactions SCOPE:uvm_test_top.env.agn.sqr STREAM:604}
  CREATE_STREAM @0 {NAME:seq T:Transactions SCOPE:uvm_test_top.env.agn.sqr STREAM:604}
  CREATE_STREAM @0 {NAME:seq T:Transactions SCOPE:uvm_test_top.env.agn.sqr STREAM:604}
  CREATE_STREAM @0 {NAME:seq T:Transactions SCOPE:uvm_test_top.env.agn.sqr STREAM:604}
  CREATE_STREAM @0 {NAME:seq T:Transactions SCOPE:uvm_test_top.env.agn.sqr STREAM:608}
  CREATE_STREAM @0 {NAME:seq T:Transactions SCOPE:uvm_test_top.env.agn.sqr STREAM:608}
  CREATE_STREAM @0 {NAME:seq T:Transactions SCOPE:uvm_test_top.env.agn.sqr STREAM:608}
  CREATE_STREAM @0 {NAME:seq T:Transactions SCOPE:uvm_test_top.env.agn.sqr STREAM:608}
  CREATE_STREAM @0 {NAME:seq T:Transactions SCOPE:uvm_test_top.env.agn.sqr STREAM:608}
  CREATE_STREAM @0 {NAME:seq T:Transactions SCOPE:uvm_test_top.env.agn.sqr STREAM:608}
  CREATE_STREAM @0 {NAME:seq T:Transactions SCOPE:uvm_test_top.env.agn.sqr STREAM:608}
  CREATE_STREAM @0 {NAME:seq T:Transactions SCOPE:uvm_test_top.env.agn.sqr STREAM:608}
  CREATE_STREAM @0 {NAME:seq T:Transactions SCOPE:uvm_test_top.env.agn.sqr STREAM:628}
  CREATE_STREAM @0 {NAME:seq T:Transactions SCOPE:uvm_test_top.env.agn.sqr STREAM:608}
  CREATE_STREAM @0 {NAME:seq T:Transactions SCOPE:uvm_test_top.env.agn.sqr STREAM:608}
  CREATE_STREAM @0 {NAME:seq T:Transactions SCOPE:uvm_test_top.env.agn.sqr STREAM:608}
  CREATE_STREAM @0 {NAME:seq T:Transactions SCOPE:uvm_test_top.env.agn.sqr STREAM:608}
  CREATE_STREAM @0 {NAME:seq T:Transactions SCOPE:uvm_test_top.env.agn.sqr STREAM:608}
  CREATE_STREAM @0 {NAME:seq T:Transactions SCOPE:uvm_test_top.env.agn.sqr STREAM:608}
  CREATE_STREAM @0 {NAME:seq T:Transactions SCOPE:uvm_test_top.env.agn.sqr STREAM:608}
  CREATE_STREAM @0 {NAME:seq T:Transactions SCOPE:uvm_test_top.env.agn.sqr STREAM:608}
  CREATE_STREAM @0 {NAME:seq T:Transactions SCOPE:uvm_test_top.env.agn.sqr STREAM:608}
  CREATE_STREAM @0 {NAME:seq T:Transactions SCOPE:uvm_test_top.env.agn.sqr STREAM:608}
  CREATE_STREAM @0 {NAME:seq T:Transactions SCOPE:uvm_test_top.env.agn.sqr STREAM:608}
  CREATE_STREAM @0 {NAME:seq T:Transactions SCOPE:uvm_test_top.env.agn.sqr STREAM:608}
  CREATE_STREAM @0 {NAME:seq T:Transactions SCOPE:uvm_test_top.env.agn.sqr STREAM:608}
  CREATE_STREAM @0 {NAME:seq T:Transactions SCOPE:uvm_test_top.env.agn.sqr STREAM:608}
  CREATE_STREAM @0 {NAME:seq T:Transactions SCOPE:uvm_test_top.env.agn.sqr STREAM:608}
  CREATE_STREAM @0 {NAME:seq T:Transactions SCOPE:uvm_test_top.env.agn.sqr STREAM:608}
  CREATE_STREAM @0 {NAME:seq T:Transactions SCOPE:uvm_test_top.env.agn.sqr STREAM:608}
  CREATE_STREAM @0 {NAME:seq T:Transactions SCOPE:uvm_test_top.env.agn.sqr STREAM:608}
  CREATE_STREAM @0 {NAME:seq T:Transactions SCOPE:uvm_test_top.env.agn.sqr STREAM:608}
  CREATE_STREAM @0 {NAME:seq T:Transactions SCOPE:uvm_test_top.env.agn.sqr STREAM:608}
  CREATE_STREAM @0 {NAME:seq T:Transactions SCOPE:uvm_test_top.env.agn.sqr STREAM:608}
  CREATE_STREAM @0 {NAME:seq T:Transactions SCOPE:uvm_test_top.env.agn.sqr STREAM:608}
  CREATE_STREAM @0 {NAME:seq T:Transactions SCOPE:uvm_test_top.env.agn.sqr STREAM:608}
  CREATE_STREAM @0 {NAME:seq T:Transactions SCOPE:uvm_test_top.env.agn.sqr STREAM:608}
  CREATE_STREAM @0 {NAME:seq T:Transactions SCOPE:uvm_test_top.env.agn.sqr STREAM:608}
  CREATE_STREAM @0 {NAME:seq T:Transactions SCOPE:uvm_test_top.env.agn.sqr STREAM:608}
  CREATE_STREAM @0 {NAME:seq T:Transactions SCOPE:uvm_test_top.env.agn.sqr STREAM:608}
  CREATE_STREAM @0 {NAME:seq T:Transactions SCOPE:uvm_test_top.env.agn.sqr STREAM:608}
  CREATE_STREAM @0 {NAME:seq T:Transactions SCOPE:uvm_test_top.env.agn.sqr STREAM:608}
  CREATE_STREAM @0 {NAME:seq T:Transactions SCOPE:uvm_test_top.env.agn.sqr STREAM:608}
  CREATE_STREAM @0 {NAME:seq T:Transactions SCOPE:uvm_test_top.env.agn.sqr STREAM:608}
  CREATE_STREAM @0 {NAME:seq T:Transactions SCOPE:uvm_test_top.env.agn.sqr STREAM:608}
  CREATE_STREAM @0 {NAME:seq T:Transactions SCOPE:uvm_test_top.env.agn.sqr STREAM:608}
  CREATE_STREAM @0 {NAME:seq T:Transactions SCOPE:uvm_test_top.env.agn.sqr STREAM:608}
  CREATE_STREAM @0 {NAME:seq T:Transactions SCOPE:uvm_test_top.env.agn.sqr STREAM:608}
  CREATE_STREAM @0 {NAME:seq T:Transactions SCOPE:uvm_test_top.env.agn.sqr STREAM:608}
  CREATE_STREAM @0 {NAME:seq T:Transactions SCOPE:uvm_test_top.env.agn.sqr STREAM:608}
  CREATE_STREAM @0 {NAME:seq T:Transactions SCOPE:uvm_test_top.env.agn.sqr STREAM:608}
  CREATE_STREAM @0 {NAME:seq T:Transactions SCOPE:uvm_test_top.env.agn.sqr STREAM:606}
  CREATE_STREAM @0 {NAME:seq T:Transactions SCOPE:uvm_test_top.env.agn.sqr STREAM:606}
  CREATE_STREAM @0 {NAME:seq T:Transactions SCOPE:uvm_test_top.env.agn.sqr STREAM:606}
  CREATE_STREAM @0 {NAME:seq T:Transactions SCOPE:uvm_test_top.env.agn.sqr STREAM:606}
  CREATE_STREAM @0 {NAME:seq T:Transactions SCOPE:uvm_test_top.env.agn.sqr STREAM:606}
  CREATE_STREAM @0 {NAME:seq T:Transactions SCOPE:uvm_test_top.env.agn.sqr STREAM:606}
  CREATE_STREAM @0 {NAME:seq T:Transactions SCOPE:uvm_test_top.env.agn.sqr STREAM:606}
  CREATE_STREAM @0 {NAME:seq T:Transactions SCOPE:uvm_test_top.env.agn.sqr STREAM:606}
  CREATE_STREAM @0 {NAME:seq T:Transactions SCOPE:uvm_test_top.env.agn.sqr STREAM:606}
  CREATE_STREAM @0 {NAME:seq T:Transactions SCOPE:uvm_test_top.env.agn.sqr STREAM:606}
  CREATE_STREAM @0 {NAME:seq T:Transactions SCOPE:uvm_test_top.env.agn.sqr STREAM:606}
  CREATE_STREAM @0 {NAME:seq T:Transactions SCOPE:uvm_test_top.env.agn.sqr STREAM:606}
  CREATE_STREAM @0 {NAME:seq T:Transactions SCOPE:uvm_test_top.env.agn.sqr STREAM:606}
  CREATE_STREAM @0 {NAME:seq T:Transactions SCOPE:uvm_test_top.env.agn.sqr STREAM:606}
  CREATE_STREAM @0 {NAME:seq T:Transactions SCOPE:uvm_test_top.env.agn.sqr STREAM:606}
  CREATE_STREAM @0 {NAME:seq T:Transactions SCOPE:uvm_test_top.env.agn.sqr STREAM:606}
  CREATE_STREAM @0 {NAME:seq T:Transactions SCOPE:uvm_test_top.env.agn.sqr STREAM:606}
  CREATE_STREAM @0 {NAME:seq T:Transactions SCOPE:uvm_test_top.env.agn.sqr STREAM:606}
  CREATE_STREAM @0 {NAME:seq T:Transactions SCOPE:uvm_test_top.env.agn.sqr STREAM:606}
  CREATE_STREAM @0 {NAME:seq T:Transactions SCOPE:uvm_test_top.env.agn.sqr STREAM:606}
  CREATE_STREAM @0 {NAME:seq T:Transactions SCOPE:uvm_test_top.env.agn.sqr STREAM:606}
  CREATE_STREAM @0 {NAME:seq T:Transactions SCOPE:uvm_test_top.env.agn.sqr STREAM:606}
  CREATE_STREAM @0 {NAME:seq T:Transactions SCOPE:uvm_test_top.env.agn.sqr STREAM:606}
  CREATE_STREAM @0 {NAME:seq T:Transactions SCOPE:uvm_test_top.env.agn.sqr STREAM:606}
  CREATE_STREAM @0 {NAME:seq T:Transactions SCOPE:uvm_test_top.env.agn.sqr STREAM:606}
  CREATE_STREAM @0 {NAME:seq T:Transactions SCOPE:uvm_test_top.env.agn.sqr STREAM:606}
  CREATE_STREAM @0 {NAME:seq T:Transactions SCOPE:uvm_test_top.env.agn.sqr STREAM:606}
  CREATE_STREAM @0 {NAME:seq T:Transactions SCOPE:uvm_test_top.env.agn.sqr STREAM:606}
  CREATE_STREAM @0 {NAME:seq T:Transactions SCOPE:uvm_test_top.env.agn.sqr STREAM:606}
  CREATE_STREAM @0 {NAME:seq T:Transactions SCOPE:uvm_test_top.env.agn.sqr STREAM:606}
  CREATE_STREAM @0 {NAME:seq T:Transactions SCOPE:uvm_test_top.env.agn.sqr STREAM:606}
  CREATE_STREAM @0 {NAME:seq T:Transactions SCOPE:uvm_test_top.env.agn.sqr STREAM:606}
  CREATE_STREAM @0 {NAME:seq T:Transactions SCOPE:uvm_test_top.env.agn.sqr STREAM:606}
  CREATE_STREAM @0 {NAME:seq T:Transactions SCOPE:uvm_test_top.env.agn.sqr STREAM:606}
  CREATE_STREAM @0 {NAME:seq T:Transactions SCOPE:uvm_test_top.env.agn.sqr STREAM:606}
  CREATE_STREAM @0 {NAME:seq T:Transactions SCOPE:uvm_test_top.env.agn.sqr STREAM:606}
  CREATE_STREAM @0 {NAME:seq T:Transactions SCOPE:uvm_test_top.env.agn.sqr STREAM:606}
  CREATE_STREAM @0 {NAME:seq T:Transactions SCOPE:uvm_test_top.env.agn.sqr STREAM:612}
  CREATE_STREAM @0 {NAME:seq T:Transactions SCOPE:uvm_test_top.env.agn.sqr STREAM:612}
  CREATE_STREAM @0 {NAME:seq T:Transactions SCOPE:uvm_test_top.env.agn.sqr STREAM:612}
  CREATE_STREAM @0 {NAME:seq T:Transactions SCOPE:uvm_test_top.env.agn.sqr STREAM:612}
  CREATE_STREAM @0 {NAME:seq T:Transactions SCOPE:uvm_test_top.env.agn.sqr STREAM:612}
  CREATE_STREAM @0 {NAME:seq T:Transactions SCOPE:uvm_test_top.env.agn.sqr STREAM:618}
  CREATE_STREAM @0 {NAME:seq T:Transactions SCOPE:uvm_test_top.env.agn.sqr STREAM:618}
  CREATE_STREAM @0 {NAME:seq T:Transactions SCOPE:uvm_test_top.env.agn.sqr STREAM:618}
  CREATE_STREAM @0 {NAME:seq T:Transactions SCOPE:uvm_test_top.env.agn.sqr STREAM:618}
  CREATE_STREAM @0 {NAME:seq T:Transactions SCOPE:uvm_test_top.env.agn.sqr STREAM:619}
  CREATE_STREAM @0 {NAME:seq T:Transactions SCOPE:uvm_test_top.env.agn.sqr STREAM:619}
  CREATE_STREAM @0 {NAME:seq T:Transactions SCOPE:uvm_test_top.env.agn.sqr STREAM:619}
  CREATE_STREAM @0 {NAME:seq T:Transactions SCOPE:uvm_test_top.env.agn.sqr STREAM:619}
  CREATE_STREAM @0 {NAME:seq T:Transactions SCOPE:uvm_test_top.env.agn.sqr STREAM:619}
  CREATE_STREAM @0 {NAME:seq T:Transactions SCOPE:uvm_test_top.env.agn.sqr STREAM:619}
  CREATE_STREAM @0 {NAME:seq T:Transactions SCOPE:uvm_test_top.env.agn.sqr STREAM:619}
  CREATE_STREAM @0 {NAME:seq T:Transactions SCOPE:uvm_test_top.env.agn.sqr STREAM:619}
  CREATE_STREAM @0 {NAME:seq T:Transactions SCOPE:uvm_test_top.env.agn.sqr STREAM:619}
  CREATE_STREAM @0 {NAME:seq T:Transactions SCOPE:uvm_test_top.env.agn.sqr STREAM:619}
  CREATE_STREAM @0 {NAME:seq T:Transactions SCOPE:uvm_test_top.env.agn.sqr STREAM:619}
  CREATE_STREAM @0 {NAME:seq T:Transactions SCOPE:uvm_test_top.env.agn.sqr STREAM:619}
  CREATE_STREAM @0 {NAME:seq T:Transactions SCOPE:uvm_test_top.env.agn.sqr STREAM:619}
  CREATE_STREAM @0 {NAME:seq T:Transactions SCOPE:uvm_test_top.env.agn.sqr STREAM:619}
  CREATE_STREAM @0 {NAME:seq T:Transactions SCOPE:uvm_test_top.env.agn.sqr STREAM:619}
  CREATE_STREAM @0 {NAME:seq T:Transactions SCOPE:uvm_test_top.env.agn.sqr STREAM:619}
  CREATE_STREAM @0 {NAME:seq T:Transactions SCOPE:uvm_test_top.env.agn.sqr STREAM:619}
  CREATE_STREAM @0 {NAME:seq T:Transactions SCOPE:uvm_test_top.env.agn.sqr STREAM:619}
  CREATE_STREAM @0 {NAME:seq T:Transactions SCOPE:uvm_test_top.env.agn.sqr STREAM:619}
  CREATE_STREAM @0 {NAME:seq T:Transactions SCOPE:uvm_test_top.env.agn.sqr STREAM:619}
  CREATE_STREAM @0 {NAME:seq T:Transactions SCOPE:uvm_test_top.env.agn.sqr STREAM:619}
  CREATE_STREAM @0 {NAME:seq T:Transactions SCOPE:uvm_test_top.env.agn.sqr STREAM:619}
  CREATE_STREAM @0 {NAME:seq T:Transactions SCOPE:uvm_test_top.env.agn.sqr STREAM:619}
  CREATE_STREAM @0 {NAME:seq T:Transactions SCOPE:uvm_test_top.env.agn.sqr STREAM:619}
  CREATE_STREAM @0 {NAME:seq T:Transactions SCOPE:uvm_test_top.env.agn.sqr STREAM:619}
  CREATE_STREAM @0 {NAME:seq T:Transactions SCOPE:uvm_test_top.env.agn.sqr STREAM:619}
  CREATE_STREAM @0 {NAME:seq T:Transactions SCOPE:uvm_test_top.env.agn.sqr STREAM:619}
  CREATE_STREAM @0 {NAME:seq T:Transactions SCOPE:uvm_test_top.env.agn.sqr STREAM:619}
  CREATE_STREAM @0 {NAME:seq T:Transactions SCOPE:uvm_test_top.env.agn.sqr STREAM:619}
  CREATE_STREAM @0 {NAME:seq T:Transactions SCOPE:uvm_test_top.env.agn.sqr STREAM:619}
  CREATE_STREAM @0 {NAME:seq T:Transactions SCOPE:uvm_test_top.env.agn.sqr STREAM:619}
  CREATE_STREAM @0 {NAME:seq T:Transactions SCOPE:uvm_test_top.env.agn.sqr STREAM:619}
  CREATE_STREAM @0 {NAME:seq T:Transactions SCOPE:uvm_test_top.env.agn.sqr STREAM:619}
  CREATE_STREAM @0 {NAME:seq T:Transactions SCOPE:uvm_test_top.env.agn.sqr STREAM:619}
  CREATE_STREAM @0 {NAME:seq T:Transactions SCOPE:uvm_test_top.env.agn.sqr STREAM:619}
  CREATE_STREAM @0 {NAME:seq T:Transactions SCOPE:uvm_test_top.env.agn.sqr STREAM:619}
  CREATE_STREAM @0 {NAME:seq T:Transactions SCOPE:uvm_test_top.env.agn.sqr STREAM:619}
  CREATE_STREAM @0 {NAME:seq T:Transactions SCOPE:uvm_test_top.env.agn.sqr STREAM:619}
  CREATE_STREAM @0 {NAME:seq T:Transactions SCOPE:uvm_test_top.env.agn.sqr STREAM:619}
  CREATE_STREAM @0 {NAME:seq T:Transactions SCOPE:uvm_test_top.env.agn.sqr STREAM:619}
  CREATE_STREAM @0 {NAME:seq T:Transactions SCOPE:uvm_test_top.env.agn.sqr STREAM:619}
  CREATE_STREAM @0 {NAME:seq T:Transactions SCOPE:uvm_test_top.env.agn.sqr STREAM:619}
  CREATE_STREAM @0 {NAME:seq T:Transactions SCOPE:uvm_test_top.env.agn.sqr STREAM:619}
  CREATE_STREAM @0 {NAME:seq T:Transactions SCOPE:uvm_test_top.env.agn.sqr STREAM:619}
  CREATE_STREAM @0 {NAME:seq T:Transactions SCOPE:uvm_test_top.env.agn.sqr STREAM:619}
  CREATE_STREAM @0 {NAME:seq T:Transactions SCOPE:uvm_test_top.env.agn.sqr STREAM:619}
  CREATE_STREAM @0 {NAME:seq T:Transactions SCOPE:uvm_test_top.env.agn.sqr STREAM:619}
  CREATE_STREAM @0 {NAME:seq T:Transactions SCOPE:uvm_test_top.env.agn.sqr STREAM:619}
  CREATE_STREAM @0 {NAME:seq T:Transactions SCOPE:uvm_test_top.env.agn.sqr STREAM:619}
  CREATE_STREAM @0 {NAME:seq T:Transactions SCOPE:uvm_test_top.env.agn.sqr STREAM:619}
  CREATE_STREAM @0 {NAME:seq T:Transactions SCOPE:uvm_test_top.env.agn.sqr STREAM:619}
  CREATE_STREAM @0 {NAME:seq T:Transactions SCOPE:uvm_test_top.env.agn.sqr STREAM:619}
  CREATE_STREAM @0 {NAME:seq T:Transactions SCOPE:uvm_test_top.env.agn.sqr STREAM:619}
  CREATE_STREAM @0 {NAME:seq T:Transactions SCOPE:uvm_test_top.env.agn.sqr STREAM:619}
  CREATE_STREAM @0 {NAME:seq T:Transactions SCOPE:uvm_test_top.env.agn.sqr STREAM:619}
  CREATE_STREAM @0 {NAME:seq T:Transactions SCOPE:uvm_test_top.env.agn.sqr STREAM:619}
  CREATE_STREAM @0 {NAME:seq T:Transactions SCOPE:uvm_test_top.env.agn.sqr STREAM:619}
  CREATE_STREAM @0 {NAME:seq T:Transactions SCOPE:uvm_test_top.env.agn.sqr STREAM:619}
  CREATE_STREAM @0 {NAME:seq T:Transactions SCOPE:uvm_test_top.env.agn.sqr STREAM:619}
  CREATE_STREAM @0 {NAME:seq T:Transactions SCOPE:uvm_test_top.env.agn.sqr STREAM:619}
  CREATE_STREAM @0 {NAME:seq T:Transactions SCOPE:uvm_test_top.env.agn.sqr STREAM:619}
  CREATE_STREAM @0 {NAME:seq T:Transactions SCOPE:uvm_test_top.env.agn.sqr STREAM:619}
  CREATE_STREAM @0 {NAME:seq T:Transactions SCOPE:uvm_test_top.env.agn.sqr STREAM:619}
  CREATE_STREAM @0 {NAME:seq T:Transactions SCOPE:uvm_test_top.env.agn.sqr STREAM:619}
  CREATE_STREAM @0 {NAME:seq T:Transactions SCOPE:uvm_test_top.env.agn.sqr STREAM:619}
  CREATE_STREAM @0 {NAME:seq T:Transactions SCOPE:uvm_test_top.env.agn.sqr STREAM:619}
  CREATE_STREAM @0 {NAME:seq T:Transactions SCOPE:uvm_test_top.env.agn.sqr STREAM:619}
  CREATE_STREAM @0 {NAME:seq T:Transactions SCOPE:uvm_test_top.env.agn.sqr STREAM:619}
  CREATE_STREAM @0 {NAME:seq T:Transactions SCOPE:uvm_test_top.env.agn.sqr STREAM:619}
  CREATE_STREAM @0 {NAME:seq T:Transactions SCOPE:uvm_test_top.env.agn.sqr STREAM:619}
  CREATE_STREAM @0 {NAME:seq T:Transactions SCOPE:uvm_test_top.env.agn.sqr STREAM:619}
  CREATE_STREAM @0 {NAME:seq T:Transactions SCOPE:uvm_test_top.env.agn.sqr STREAM:619}
  CREATE_STREAM @0 {NAME:seq T:Transactions SCOPE:uvm_test_top.env.agn.sqr STREAM:619}
  CREATE_STREAM @0 {NAME:seq T:Transactions SCOPE:uvm_test_top.env.agn.sqr STREAM:619}
  CREATE_STREAM @0 {NAME:seq T:Transactions SCOPE:uvm_test_top.env.agn.sqr STREAM:619}
  CREATE_STREAM @0 {NAME:seq T:Transactions SCOPE:uvm_test_top.env.agn.sqr STREAM:619}
  CREATE_STREAM @0 {NAME:seq T:Transactions SCOPE:uvm_test_top.env.agn.sqr STREAM:619}
  CREATE_STREAM @0 {NAME:seq T:Transactions SCOPE:uvm_test_top.env.agn.sqr STREAM:619}
  CREATE_STREAM @0 {NAME:seq T:Transactions SCOPE:uvm_test_top.env.agn.sqr STREAM:619}
  CREATE_STREAM @0 {NAME:seq T:Transactions SCOPE:uvm_test_top.env.agn.sqr STREAM:619}
  CREATE_STREAM @0 {NAME:seq T:Transactions SCOPE:uvm_test_top.env.agn.sqr STREAM:619}
  CREATE_STREAM @0 {NAME:seq T:Transactions SCOPE:uvm_test_top.env.agn.sqr STREAM:619}
  CREATE_STREAM @0 {NAME:seq T:Transactions SCOPE:uvm_test_top.env.agn.sqr STREAM:619}
  CREATE_STREAM @0 {NAME:seq T:Transactions SCOPE:uvm_test_top.env.agn.sqr STREAM:619}
  CREATE_STREAM @0 {NAME:seq T:Transactions SCOPE:uvm_test_top.env.agn.sqr STREAM:619}
  CREATE_STREAM @0 {NAME:seq T:Transactions SCOPE:uvm_test_top.env.agn.sqr STREAM:619}
  CREATE_STREAM @0 {NAME:seq T:Transactions SCOPE:uvm_test_top.env.agn.sqr STREAM:619}
  CREATE_STREAM @0 {NAME:seq T:Transactions SCOPE:uvm_test_top.env.agn.sqr STREAM:619}
  CREATE_STREAM @0 {NAME:seq T:Transactions SCOPE:uvm_test_top.env.agn.sqr STREAM:619}
  CREATE_STREAM @0 {NAME:seq T:Transactions SCOPE:uvm_test_top.env.agn.sqr STREAM:619}
  CREATE_STREAM @0 {NAME:seq T:Transactions SCOPE:uvm_test_top.env.agn.sqr STREAM:619}
  CREATE_STREAM @0 {NAME:seq T:Transactions SCOPE:uvm_test_top.env.agn.sqr STREAM:619}
  CREATE_STREAM @0 {NAME:seq T:Transactions SCOPE:uvm_test_top.env.agn.sqr STREAM:619}
  CREATE_STREAM @0 {NAME:seq T:Transactions SCOPE:uvm_test_top.env.agn.sqr STREAM:619}
  CREATE_STREAM @0 {NAME:seq T:Transactions SCOPE:uvm_test_top.env.agn.sqr STREAM:619}
  CREATE_STREAM @0 {NAME:seq T:Transactions SCOPE:uvm_test_top.env.agn.sqr STREAM:619}
  CREATE_STREAM @0 {NAME:seq T:Transactions SCOPE:uvm_test_top.env.agn.sqr STREAM:619}
  CREATE_STREAM @0 {NAME:seq T:Transactions SCOPE:uvm_test_top.env.agn.sqr STREAM:619}
  CREATE_STREAM @0 {NAME:seq T:Transactions SCOPE:uvm_test_top.env.agn.sqr STREAM:619}
  CREATE_STREAM @0 {NAME:seq T:Transactions SCOPE:uvm_test_top.env.agn.sqr STREAM:619}
<<<<<<< HEAD
  CREATE_STREAM @0 {NAME:seq T:Transactions SCOPE:uvm_test_top.env.agn.sqr STREAM:619}
  CREATE_STREAM @0 {NAME:seq T:Transactions SCOPE:uvm_test_top.env.agn.sqr STREAM:619}
  CREATE_STREAM @0 {NAME:seq T:Transactions SCOPE:uvm_test_top.env.agn.sqr STREAM:619}
<<<<<<< Updated upstream
=======
  CREATE_STREAM @0 {NAME:seq T:Transactions SCOPE:uvm_test_top.env.agn.sqr STREAM:619}
  CREATE_STREAM @0 {NAME:seq T:Transactions SCOPE:uvm_test_top.env.agn.sqr STREAM:619}
  CREATE_STREAM @0 {NAME:seq T:Transactions SCOPE:uvm_test_top.env.agn.sqr STREAM:619}
  CREATE_STREAM @0 {NAME:seq T:Transactions SCOPE:uvm_test_top.env.agn.sqr STREAM:619}
  CREATE_STREAM @0 {NAME:seq T:Transactions SCOPE:uvm_test_top.env.agn.sqr STREAM:619}
  CREATE_STREAM @0 {NAME:seq T:Transactions SCOPE:uvm_test_top.env.agn.sqr STREAM:619}
  CREATE_STREAM @0 {NAME:seq T:Transactions SCOPE:uvm_test_top.env.agn.sqr STREAM:619}
  CREATE_STREAM @0 {NAME:seq T:Transactions SCOPE:uvm_test_top.env.agn.sqr STREAM:619}
  CREATE_STREAM @0 {NAME:seq T:Transactions SCOPE:uvm_test_top.env.agn.sqr STREAM:619}
  CREATE_STREAM @0 {NAME:seq T:Transactions SCOPE:uvm_test_top.env.agn.sqr STREAM:619}
  CREATE_STREAM @0 {NAME:seq T:Transactions SCOPE:uvm_test_top.env.agn.sqr STREAM:619}
  CREATE_STREAM @0 {NAME:seq T:Transactions SCOPE:uvm_test_top.env.agn.sqr STREAM:619}
  CREATE_STREAM @0 {NAME:seq T:Transactions SCOPE:uvm_test_top.env.agn.sqr STREAM:619}
  CREATE_STREAM @0 {NAME:seq T:Transactions SCOPE:uvm_test_top.env.agn.sqr STREAM:619}
  CREATE_STREAM @0 {NAME:seq T:Transactions SCOPE:uvm_test_top.env.agn.sqr STREAM:619}
  CREATE_STREAM @0 {NAME:seq T:Transactions SCOPE:uvm_test_top.env.agn.sqr STREAM:619}
  CREATE_STREAM @0 {NAME:seq T:Transactions SCOPE:uvm_test_top.env.agn.sqr STREAM:619}
  CREATE_STREAM @0 {NAME:seq T:Transactions SCOPE:uvm_test_top.env.agn.sqr STREAM:619}
  CREATE_STREAM @0 {NAME:seq T:Transactions SCOPE:uvm_test_top.env.agn.sqr STREAM:619}
  CREATE_STREAM @0 {NAME:seq T:Transactions SCOPE:uvm_test_top.env.agn.sqr STREAM:619}
  CREATE_STREAM @0 {NAME:seq T:Transactions SCOPE:uvm_test_top.env.agn.sqr STREAM:619}
  CREATE_STREAM @0 {NAME:seq T:Transactions SCOPE:uvm_test_top.env.agn.sqr STREAM:619}
  CREATE_STREAM @0 {NAME:seq T:Transactions SCOPE:uvm_test_top.env.agn.sqr STREAM:619}
  CREATE_STREAM @0 {NAME:seq T:Transactions SCOPE:uvm_test_top.env.agn.sqr STREAM:619}
  CREATE_STREAM @0 {NAME:seq T:Transactions SCOPE:uvm_test_top.env.agn.sqr STREAM:619}
  CREATE_STREAM @0 {NAME:seq T:Transactions SCOPE:uvm_test_top.env.agn.sqr STREAM:619}
  CREATE_STREAM @0 {NAME:seq T:Transactions SCOPE:uvm_test_top.env.agn.sqr STREAM:619}
  CREATE_STREAM @0 {NAME:seq T:Transactions SCOPE:uvm_test_top.env.agn.sqr STREAM:619}
  CREATE_STREAM @0 {NAME:seq T:Transactions SCOPE:uvm_test_top.env.agn.sqr STREAM:619}
  CREATE_STREAM @0 {NAME:seq T:Transactions SCOPE:uvm_test_top.env.agn.sqr STREAM:619}
  CREATE_STREAM @0 {NAME:seq T:Transactions SCOPE:uvm_test_top.env.agn.sqr STREAM:619}
  CREATE_STREAM @0 {NAME:seq T:Transactions SCOPE:uvm_test_top.env.agn.sqr STREAM:619}
  CREATE_STREAM @0 {NAME:seq T:Transactions SCOPE:uvm_test_top.env.agn.sqr STREAM:619}
=======
>>>>>>> 696b87236188ad5d7fa02a8d6eb0d79f049eeff8
>>>>>>> Stashed changes
  CREATE_STREAM @0 {NAME:seq T:Transactions SCOPE:uvm_test_top.env.agn.sqr STREAM:619}
  CREATE_STREAM @0 {NAME:seq T:Transactions SCOPE:uvm_test_top.env.agn.sqr STREAM:619}
  CREATE_STREAM @0 {NAME:seq T:Transactions SCOPE:uvm_test_top.env.agn.sqr STREAM:619}
  CREATE_STREAM @0 {NAME:seq T:Transactions SCOPE:uvm_test_top.env.agn.sqr STREAM:619}
  CREATE_STREAM @0 {NAME:seq T:Transactions SCOPE:uvm_test_top.env.agn.sqr STREAM:619}
  CREATE_STREAM @0 {NAME:seq T:Transactions SCOPE:uvm_test_top.env.agn.sqr STREAM:619}
  CREATE_STREAM @0 {NAME:seq T:Transactions SCOPE:uvm_test_top.env.agn.sqr STREAM:619}
  CREATE_STREAM @0 {NAME:seq T:Transactions SCOPE:uvm_test_top.env.agn.sqr STREAM:619}
  CREATE_STREAM @0 {NAME:seq T:Transactions SCOPE:uvm_test_top.env.agn.sqr STREAM:619}
  CREATE_STREAM @0 {NAME:seq T:Transactions SCOPE:uvm_test_top.env.agn.sqr STREAM:619}
  CREATE_STREAM @0 {NAME:seq T:Transactions SCOPE:uvm_test_top.env.agn.sqr STREAM:619}
  CREATE_STREAM @0 {NAME:seq T:Transactions SCOPE:uvm_test_top.env.agn.sqr STREAM:619}
  CREATE_STREAM @0 {NAME:seq T:Transactions SCOPE:uvm_test_top.env.agn.sqr STREAM:619}
  CREATE_STREAM @0 {NAME:seq T:Transactions SCOPE:uvm_test_top.env.agn.sqr STREAM:619}
  CREATE_STREAM @0 {NAME:seq T:Transactions SCOPE:uvm_test_top.env.agn.sqr STREAM:619}
  CREATE_STREAM @0 {NAME:seq T:Transactions SCOPE:uvm_test_top.env.agn.sqr STREAM:619}
  CREATE_STREAM @0 {NAME:seq T:Transactions SCOPE:uvm_test_top.env.agn.sqr STREAM:619}
  CREATE_STREAM @0 {NAME:seq T:Transactions SCOPE:uvm_test_top.env.agn.sqr STREAM:619}
  CREATE_STREAM @0 {NAME:seq T:Transactions SCOPE:uvm_test_top.env.agn.sqr STREAM:619}
  CREATE_STREAM @0 {NAME:seq T:Transactions SCOPE:uvm_test_top.env.agn.sqr STREAM:619}
  CREATE_STREAM @0 {NAME:seq T:Transactions SCOPE:uvm_test_top.env.agn.sqr STREAM:619}
  CREATE_STREAM @0 {NAME:seq T:Transactions SCOPE:uvm_test_top.env.agn.sqr STREAM:619}
  CREATE_STREAM @0 {NAME:seq T:Transactions SCOPE:uvm_test_top.env.agn.sqr STREAM:619}
  CREATE_STREAM @0 {NAME:seq T:Transactions SCOPE:uvm_test_top.env.agn.sqr STREAM:619}
  CREATE_STREAM @0 {NAME:seq T:Transactions SCOPE:uvm_test_top.env.agn.sqr STREAM:619}
  CREATE_STREAM @0 {NAME:seq T:Transactions SCOPE:uvm_test_top.env.agn.sqr STREAM:619}
  CREATE_STREAM @0 {NAME:seq T:Transactions SCOPE:uvm_test_top.env.agn.sqr STREAM:619}
  CREATE_STREAM @0 {NAME:seq T:Transactions SCOPE:uvm_test_top.env.agn.sqr STREAM:619}
  CREATE_STREAM @0 {NAME:seq T:Transactions SCOPE:uvm_test_top.env.agn.sqr STREAM:619}
  CREATE_STREAM @0 {NAME:seq T:Transactions SCOPE:uvm_test_top.env.agn.sqr STREAM:619}
  CREATE_STREAM @0 {NAME:seq T:Transactions SCOPE:uvm_test_top.env.agn.sqr STREAM:619}
  CREATE_STREAM @0 {NAME:seq T:Transactions SCOPE:uvm_test_top.env.agn.sqr STREAM:619}
  CREATE_STREAM @0 {NAME:seq T:Transactions SCOPE:uvm_test_top.env.agn.sqr STREAM:619}
  CREATE_STREAM @0 {NAME:seq T:Transactions SCOPE:uvm_test_top.env.agn.sqr STREAM:619}
  CREATE_STREAM @0 {NAME:seq T:Transactions SCOPE:uvm_test_top.env.agn.sqr STREAM:619}
  CREATE_STREAM @0 {NAME:seq T:Transactions SCOPE:uvm_test_top.env.agn.sqr STREAM:619}
  CREATE_STREAM @0 {NAME:seq T:Transactions SCOPE:uvm_test_top.env.agn.sqr STREAM:619}
  CREATE_STREAM @0 {NAME:seq T:Transactions SCOPE:uvm_test_top.env.agn.sqr STREAM:619}
  CREATE_STREAM @0 {NAME:seq T:Transactions SCOPE:uvm_test_top.env.agn.sqr STREAM:619}
  CREATE_STREAM @0 {NAME:seq T:Transactions SCOPE:uvm_test_top.env.agn.sqr STREAM:619}
  CREATE_STREAM @0 {NAME:seq T:Transactions SCOPE:uvm_test_top.env.agn.sqr STREAM:619}
  CREATE_STREAM @0 {NAME:seq T:Transactions SCOPE:uvm_test_top.env.agn.sqr STREAM:619}
  CREATE_STREAM @0 {NAME:seq T:Transactions SCOPE:uvm_test_top.env.agn.sqr STREAM:619}
  CREATE_STREAM @0 {NAME:seq T:Transactions SCOPE:uvm_test_top.env.agn.sqr STREAM:619}
  CREATE_STREAM @0 {NAME:seq T:Transactions SCOPE:uvm_test_top.env.agn.sqr STREAM:619}
  CREATE_STREAM @0 {NAME:seq T:Transactions SCOPE:uvm_test_top.env.agn.sqr STREAM:619}
  CREATE_STREAM @0 {NAME:seq T:Transactions SCOPE:uvm_test_top.env.agn.sqr STREAM:619}
  CREATE_STREAM @0 {NAME:seq T:Transactions SCOPE:uvm_test_top.env.agn.sqr STREAM:619}
  CREATE_STREAM @0 {NAME:seq T:Transactions SCOPE:uvm_test_top.env.agn.sqr STREAM:619}
  CREATE_STREAM @0 {NAME:seq T:Transactions SCOPE:uvm_test_top.env.agn.sqr STREAM:619}
  CREATE_STREAM @0 {NAME:seq T:Transactions SCOPE:uvm_test_top.env.agn.sqr STREAM:619}
  CREATE_STREAM @0 {NAME:seq T:Transactions SCOPE:uvm_test_top.env.agn.sqr STREAM:619}
  CREATE_STREAM @0 {NAME:seq T:Transactions SCOPE:uvm_test_top.env.agn.sqr STREAM:619}
